<?xml version="1.0" encoding="UTF-8"?>
<!-- Generated by org.testng.reporters.JUnitXMLReporter -->
<testsuite hostname="NACHOTIC" ignored="0" name="api_test.CommentsTest" tests="10" failures="0" timestamp="11 dic 2021 21:28:37 GMT" time="28.108" errors="0">
  <testcase name="Test_Comment_All" time="4.622" classname="api_test.CommentsTest"/>
  <testcase name="Test_Comment_All_Negative" time="2.04" classname="api_test.CommentsTest"/>
  <testcase name="Test_Comment_Delete" time="3.099" classname="api_test.CommentsTest"/>
  <testcase name="Test_Comment_Delete_Negative" time="0.801" classname="api_test.CommentsTest"/>
  <testcase name="Test_Comment_One" time="2.982" classname="api_test.CommentsTest"/>
  <testcase name="Test_Comment_One_Negative" time="3.229" classname="api_test.CommentsTest"/>
  <testcase name="Test_Comment_Update" time="3.031" classname="api_test.CommentsTest"/>
  <testcase name="Test_Comment_Update_Negative" time="3.659" classname="api_test.CommentsTest"/>
  <testcase name="Test_Create_Comments" time="2.092" classname="api_test.CommentsTest"/>
  <testcase name="Test_Create_Comments_Negative" time="2.182" classname="api_test.CommentsTest"/>
</testsuite> <!-- api_test.CommentsTest -->
