<?xml version="1.0" encoding="UTF-8"?>
<testng-results skipped="0" failed="0" ignored="0" total="26" passed="26">
  <reporter-output>
  </reporter-output>
  <suite name="HerokuExecution" duration-ms="28108" started-at="2021-12-11T21:28:09Z" finished-at="2021-12-11T21:28:37Z">
    <groups>
    </groups>
    <test name="api_test.Users" duration-ms="4135" started-at="2021-12-11T21:28:09Z" finished-at="2021-12-11T21:28:13Z">
      <class name="api_test.Users">
        <test-method status="PASS" signature="setup(java.lang.String)[pri:0, instance:api_test.Users@6f3b5d16]" name="setup" is-config="true" duration-ms="355" started-at="2021-12-11T21:28:09Z" finished-at="2021-12-11T21:28:09Z">
          <params>
            <param index="0">
              <value>
                <![CDATA[https://api-coffee-testing.herokuapp.com]]>
              </value>
            </param>
          </params>
          <reporter-output>
          </reporter-output>
        </test-method> <!-- setup -->
        <test-method status="PASS" signature="Test_User_Registration()[pri:0, instance:api_test.Users@6f3b5d16]" name="Test_User_Registration" duration-ms="2980" started-at="2021-12-11T21:28:09Z" finished-at="2021-12-11T21:28:12Z">
          <reporter-output>
          </reporter-output>
        </test-method> <!-- Test_User_Registration -->
        <test-method status="PASS" signature="Test_User_Registration_Existing_User()[pri:0, instance:api_test.Users@6f3b5d16]" name="Test_User_Registration_Existing_User" duration-ms="787" started-at="2021-12-11T21:28:12Z" finished-at="2021-12-11T21:28:13Z">
          <reporter-output>
          </reporter-output>
        </test-method> <!-- Test_User_Registration_Existing_User -->
      </class> <!-- api_test.Users -->
    </test> <!-- api_test.Users -->
    <test name="api_test.Login" duration-ms="4903" started-at="2021-12-11T21:28:09Z" finished-at="2021-12-11T21:28:14Z">
      <class name="api_test.Login">
        <test-method status="PASS" signature="setup(java.lang.String)[pri:0, instance:api_test.Login@a4102b8]" name="setup" is-config="true" duration-ms="355" started-at="2021-12-11T21:28:09Z" finished-at="2021-12-11T21:28:09Z">
          <params>
            <param index="0">
              <value>
                <![CDATA[https://api-coffee-testing.herokuapp.com]]>
              </value>
            </param>
          </params>
          <reporter-output>
          </reporter-output>
        </test-method> <!-- setup -->
        <test-method status="PASS" signature="Test_Login_User()[pri:0, instance:api_test.Login@a4102b8]" name="Test_Login_User" duration-ms="2979" started-at="2021-12-11T21:28:09Z" finished-at="2021-12-11T21:28:12Z">
          <reporter-output>
          </reporter-output>
        </test-method> <!-- Test_Login_User -->
        <test-method status="PASS" signature="Test_Logout_User()[pri:0, instance:api_test.Login@a4102b8]" name="Test_Logout_User" duration-ms="1556" started-at="2021-12-11T21:28:12Z" finished-at="2021-12-11T21:28:14Z">
          <reporter-output>
          </reporter-output>
        </test-method> <!-- Test_Logout_User -->
      </class> <!-- api_test.Login -->
    </test> <!-- api_test.Login -->
    <test name="api_test.ArticlesTests" duration-ms="5602" started-at="2021-12-11T21:28:09Z" finished-at="2021-12-11T21:28:15Z">
      <class name="api_test.ArticlesTests">
        <test-method status="PASS" signature="setup(java.lang.String)[pri:0, instance:api_test.ArticlesTests@1460a8c0]" name="setup" is-config="true" duration-ms="355" started-at="2021-12-11T21:28:09Z" finished-at="2021-12-11T21:28:09Z">
          <params>
            <param index="0">
              <value>
                <![CDATA[https://api-coffee-testing.herokuapp.com]]>
              </value>
            </param>
          </params>
          <reporter-output>
          </reporter-output>
        </test-method> <!-- setup -->
        <test-method status="PASS" signature="Test_Create_Article()[pri:0, instance:api_test.ArticlesTests@1460a8c0]" name="Test_Create_Article" duration-ms="3777" started-at="2021-12-11T21:28:09Z" finished-at="2021-12-11T21:28:13Z">
          <reporter-output>
          </reporter-output>
        </test-method> <!-- Test_Create_Article -->
        <test-method status="PASS" signature="Test_Create_Article_RequestSpecification()[pri:0, instance:api_test.ArticlesTests@1460a8c0]" name="Test_Create_Article_RequestSpecification" duration-ms="1459" started-at="2021-12-11T21:28:13Z" finished-at="2021-12-11T21:28:15Z">
          <reporter-output>
          </reporter-output>
        </test-method> <!-- Test_Create_Article_RequestSpecification -->
      </class> <!-- api_test.ArticlesTests -->
    </test> <!-- api_test.ArticlesTests -->
    <test name="api_test.PostTest" duration-ms="22653" started-at="2021-12-11T21:28:09Z" finished-at="2021-12-11T21:28:32Z">
      <class name="api_test.PostTest">
        <test-method status="PASS" signature="setup(java.lang.String)[pri:0, instance:api_test.PostTest@7ff95560]" name="setup" is-config="true" duration-ms="355" started-at="2021-12-11T21:28:09Z" finished-at="2021-12-11T21:28:09Z">
          <params>
            <param index="0">
              <value>
                <![CDATA[https://api-coffee-testing.herokuapp.com]]>
              </value>
            </param>
          </params>
          <reporter-output>
          </reporter-output>
        </test-method> <!-- setup -->
        <test-method status="PASS" signature="Test_Create_Post()[pri:0, instance:api_test.PostTest@7ff95560]" name="Test_Create_Post" duration-ms="3692" started-at="2021-12-11T21:28:09Z" finished-at="2021-12-11T21:28:13Z">
          <reporter-output>
          </reporter-output>
        </test-method> <!-- Test_Create_Post -->
        <test-method status="PASS" signature="Test_Create_Post_Negative()[pri:0, instance:api_test.PostTest@7ff95560]" name="Test_Create_Post_Negative" duration-ms="787" started-at="2021-12-11T21:28:13Z" finished-at="2021-12-11T21:28:14Z">
          <reporter-output>
          </reporter-output>
        </test-method> <!-- Test_Create_Post_Negative -->
        <test-method status="PASS" signature="Test_Post_All()[pri:0, instance:api_test.PostTest@7ff95560]" name="Test_Post_All" duration-ms="1494" started-at="2021-12-11T21:28:14Z" finished-at="2021-12-11T21:28:15Z">
          <reporter-output>
          </reporter-output>
        </test-method> <!-- Test_Post_All -->
        <test-method status="PASS" signature="Test_Post_All_Negative()[pri:0, instance:api_test.PostTest@7ff95560]" name="Test_Post_All_Negative" duration-ms="1438" started-at="2021-12-11T21:28:15Z" finished-at="2021-12-11T21:28:17Z">
          <reporter-output>
          </reporter-output>
        </test-method> <!-- Test_Post_All_Negative -->
        <test-method status="PASS" signature="Test_Post_Delete()[pri:0, instance:api_test.PostTest@7ff95560]" name="Test_Post_Delete" duration-ms="2854" started-at="2021-12-11T21:28:17Z" finished-at="2021-12-11T21:28:20Z">
          <reporter-output>
          </reporter-output>
        </test-method> <!-- Test_Post_Delete -->
        <test-method status="PASS" signature="Test_Post_Delete_Negative()[pri:0, instance:api_test.PostTest@7ff95560]" name="Test_Post_Delete_Negative" duration-ms="2026" started-at="2021-12-11T21:28:20Z" finished-at="2021-12-11T21:28:22Z">
          <reporter-output>
          </reporter-output>
        </test-method> <!-- Test_Post_Delete_Negative -->
        <test-method status="PASS" signature="Test_Post_One()[pri:0, instance:api_test.PostTest@7ff95560]" name="Test_Post_One" duration-ms="2979" started-at="2021-12-11T21:28:22Z" finished-at="2021-12-11T21:28:25Z">
          <reporter-output>
          </reporter-output>
        </test-method> <!-- Test_Post_One -->
        <test-method status="PASS" signature="Test_Post_One_Negative()[pri:0, instance:api_test.PostTest@7ff95560]" name="Test_Post_One_Negative" duration-ms="1404" started-at="2021-12-11T21:28:25Z" finished-at="2021-12-11T21:28:26Z">
          <reporter-output>
          </reporter-output>
        </test-method> <!-- Test_Post_One_Negative -->
        <test-method status="PASS" signature="Test_Post_Update()[pri:0, instance:api_test.PostTest@7ff95560]" name="Test_Post_Update" duration-ms="2770" started-at="2021-12-11T21:28:26Z" finished-at="2021-12-11T21:28:29Z">
          <reporter-output>
          </reporter-output>
        </test-method> <!-- Test_Post_Update -->
        <test-method status="PASS" signature="Test_Post_Update_Negative()[pri:0, instance:api_test.PostTest@7ff95560]" name="Test_Post_Update_Negative" duration-ms="2840" started-at="2021-12-11T21:28:29Z" finished-at="2021-12-11T21:28:32Z">
          <reporter-output>
          </reporter-output>
        </test-method> <!-- Test_Post_Update_Negative -->
      </class> <!-- api_test.PostTest -->
    </test> <!-- api_test.PostTest -->
    <test name="api_test.CommentsTest" duration-ms="28108" started-at="2021-12-11T21:28:09Z" finished-at="2021-12-11T21:28:37Z">
      <class name="api_test.CommentsTest">
        <test-method status="PASS" signature="setup(java.lang.String)[pri:0, instance:api_test.CommentsTest@78dd667e]" name="setup" is-config="true" duration-ms="355" started-at="2021-12-11T21:28:09Z" finished-at="2021-12-11T21:28:09Z">
          <params>
            <param index="0">
              <value>
                <![CDATA[https://api-coffee-testing.herokuapp.com]]>
              </value>
            </param>
          </params>
          <reporter-output>
          </reporter-output>
        </test-method> <!-- setup -->
        <test-method status="PASS" signature="Test_Comment_All()[pri:0, instance:api_test.CommentsTest@78dd667e]" name="Test_Comment_All" duration-ms="4622" started-at="2021-12-11T21:28:09Z" finished-at="2021-12-11T21:28:14Z">
          <reporter-output>
          </reporter-output>
        </test-method> <!-- Test_Comment_All -->
        <test-method status="PASS" signature="Test_Comment_All_Negative()[pri:0, instance:api_test.CommentsTest@78dd667e]" name="Test_Comment_All_Negative" duration-ms="2040" started-at="2021-12-11T21:28:14Z" finished-at="2021-12-11T21:28:16Z">
          <reporter-output>
          </reporter-output>
        </test-method> <!-- Test_Comment_All_Negative -->
        <test-method status="PASS" signature="Test_Comment_Delete()[pri:0, instance:api_test.CommentsTest@78dd667e]" name="Test_Comment_Delete" duration-ms="3099" started-at="2021-12-11T21:28:16Z" finished-at="2021-12-11T21:28:19Z">
          <reporter-output>
          </reporter-output>
        </test-method> <!-- Test_Comment_Delete -->
        <test-method status="PASS" signature="Test_Comment_Delete_Negative()[pri:0, instance:api_test.CommentsTest@78dd667e]" name="Test_Comment_Delete_Negative" duration-ms="801" started-at="2021-12-11T21:28:19Z" finished-at="2021-12-11T21:28:20Z">
          <reporter-output>
          </reporter-output>
        </test-method> <!-- Test_Comment_Delete_Negative -->
        <test-method status="PASS" signature="Test_Comment_One()[pri:0, instance:api_test.CommentsTest@78dd667e]" name="Test_Comment_One" duration-ms="2982" started-at="2021-12-11T21:28:20Z" finished-at="2021-12-11T21:28:23Z">
          <reporter-output>
          </reporter-output>
        </test-method> <!-- Test_Comment_One -->
        <test-method status="PASS" signature="Test_Comment_One_Negative()[pri:0, instance:api_test.CommentsTest@78dd667e]" name="Test_Comment_One_Negative" duration-ms="3229" started-at="2021-12-11T21:28:23Z" finished-at="2021-12-11T21:28:26Z">
          <reporter-output>
          </reporter-output>
        </test-method> <!-- Test_Comment_One_Negative -->
        <test-method status="PASS" signature="Test_Comment_Update()[pri:0, instance:api_test.CommentsTest@78dd667e]" name="Test_Comment_Update" duration-ms="3031" started-at="2021-12-11T21:28:26Z" finished-at="2021-12-11T21:28:29Z">
          <reporter-output>
          </reporter-output>
        </test-method> <!-- Test_Comment_Update -->
        <test-method status="PASS" signature="Test_Comment_Update_Negative()[pri:0, instance:api_test.CommentsTest@78dd667e]" name="Test_Comment_Update_Negative" duration-ms="3659" started-at="2021-12-11T21:28:29Z" finished-at="2021-12-11T21:28:33Z">
          <reporter-output>
          </reporter-output>
        </test-method> <!-- Test_Comment_Update_Negative -->
        <test-method status="PASS" signature="Test_Create_Comments()[pri:0, instance:api_test.CommentsTest@78dd667e]" name="Test_Create_Comments" duration-ms="2092" started-at="2021-12-11T21:28:33Z" finished-at="2021-12-11T21:28:35Z">
          <reporter-output>
          </reporter-output>
        </test-method> <!-- Test_Create_Comments -->
        <test-method status="PASS" signature="Test_Create_Comments_Negative()[pri:0, instance:api_test.CommentsTest@78dd667e]" name="Test_Create_Comments_Negative" duration-ms="2182" started-at="2021-12-11T21:28:35Z" finished-at="2021-12-11T21:28:37Z">
          <reporter-output>
          </reporter-output>
        </test-method> <!-- Test_Create_Comments_Negative -->
      </class> <!-- api_test.CommentsTest -->
    </test> <!-- api_test.CommentsTest -->
  </suite> <!-- HerokuExecution -->
</testng-results>
