<?xml version="1.0" encoding="UTF-8"?>
<testsuite xmlns:xsi="http://www.w3.org/2001/XMLSchema-instance" xsi:noNamespaceSchemaLocation="https://maven.apache.org/surefire/maven-surefire-plugin/xsd/surefire-test-report.xsd" name="TestSuite" time="29.857" tests="26" errors="0" skipped="0" failures="0">
  <properties>
[...]
</properties>
  <testcase name="Test_Login_User" classname="api_test.Login" time="3.014"/>
  <testcase name="Test_User_Registration" classname="api_test.Users" time="0"/>
  <testcase name="Test_Create_Post" classname="api_test.PostTest" time="0.676"/>
  <testcase name="Test_User_Registration_Existing_User" classname="api_test.Users" time="0.077"/>
  <testcase name="Test_Create_Article" classname="api_test.ArticlesTests" time="0.086"/>
  <testcase name="Test_Create_Post_Negative" classname="api_test.PostTest" time="0.701"/>
  <testcase name="Test_Logout_User" classname="api_test.Login" time="0.058"/>
  <testcase name="Test_Comment_All" classname="api_test.CommentsTest" time="0.143"/>
  <testcase name="Test_Create_Article_RequestSpecification" classname="api_test.ArticlesTests" time="0.614"/>
  <testcase name="Test_Post_All" classname="api_test.PostTest" time="1.351"/>
  <testcase name="Test_Comment_All_Negative" classname="api_test.CommentsTest" time="0.69"/>
  <testcase name="Test_Post_All_Negative" classname="api_test.PostTest" time="0.747"/>
  <testcase name="Test_Comment_Delete" classname="api_test.CommentsTest" time="2.351"/>
  <testcase name="Test_Post_Delete" classname="api_test.PostTest" time="0.503"/>
  <testcase name="Test_Comment_Delete_Negative" classname="api_test.CommentsTest" time="0.298"/>
  <testcase name="Test_Post_Delete_Negative" classname="api_test.PostTest" time="1.728"/>
  <testcase name="Test_Comment_One" classname="api_test.CommentsTest" time="1.255"/>
  <testcase name="Test_Post_One" classname="api_test.PostTest" time="1.724"/>
  <testcase name="Test_Post_One_Negative" classname="api_test.PostTest" time="1.405"/>
  <testcase name="Test_Comment_One_Negative" classname="api_test.CommentsTest" time="0.101"/>
  <testcase name="Test_Post_Update" classname="api_test.PostTest" time="2.669"/>
  <testcase name="Test_Comment_Update" classname="api_test.CommentsTest" time="0.362"/>
  <testcase name="Test_Post_Update_Negative" classname="api_test.PostTest" time="2.479"/>
  <testcase name="Test_Comment_Update_Negative" classname="api_test.CommentsTest" time="3.659"/>
  <testcase name="Test_Create_Comments" classname="api_test.CommentsTest" time="2.092"/>
  <testcase name="Test_Create_Comments_Negative" classname="api_test.CommentsTest" time="2.182"/>
</testsuite>